# JRE version: Java(TM) SE Runtime Environment (17.0.12+8) (build 17.0.12+8-LTS-286)
# Java VM: Java HotSpot(TM) 64-Bit Server VM (17.0.12+8-LTS-286, mixed mode, sharing, tiered, compressed oops, compressed class ptrs, g1 gc, windows-amd64)
GC Precious Log:
 CPUs: 8 total, 8 available
 Memory: 16242M
 Large Page Support: Disabled
 NUMA Support: Disabled
 Compressed Oops: Enabled (32-bit)
 Heap Region Size: 1M
 Heap Min Capacity: 8M
 Heap Initial Capacity: 254M
 Heap Max Capacity: 2G
 Pre-touch: Disabled
 Parallel Workers: 8
 Concurrent Workers: 2
 Concurrent Refinement Workers: 8
 Periodic GC: Disabled
Heap:
 garbage-first heap   total 260096K, used 135393K [0x0000000080000000, 0x0000000100000000)
  region size 1024K, 6 young (6144K), 6 survivors (6144K)
 Metaspace       used 102233K, committed 103360K, reserved 557056K
  class space    used 14359K, committed 14848K, reserved 425984K
GC Heap History (20 events):
Event: 23.366 GC heap after
{Heap after GC invocations=46 (full 0):
 garbage-first heap   total 177152K, used 115700K [0x0000000080000000, 0x0000000100000000)
  region size 1024K, 5 young (5120K), 5 survivors (5120K)
 Metaspace       used 90648K, committed 91648K, reserved 557056K
  class space    used 12551K, committed 13056K, reserved 425984K
}
Event: 23.898 GC heap before
{Heap before GC invocations=46 (full 0):
 garbage-first heap   total 177152K, used 150516K [0x0000000080000000, 0x0000000100000000)
  region size 1024K, 38 young (38912K), 5 survivors (5120K)
 Metaspace       used 92566K, committed 93568K, reserved 557056K
  class space    used 12831K, committed 13312K, reserved 425984K
}
Event: 23.904 GC heap after
{Heap after GC invocations=47 (full 0):
 garbage-first heap   total 177152K, used 117041K [0x0000000080000000, 0x0000000100000000)
  region size 1024K, 4 young (4096K), 4 survivors (4096K)
 Metaspace       used 92566K, committed 93568K, reserved 557056K
  class space    used 12831K, committed 13312K, reserved 425984K
}
Event: 24.418 GC heap before
{Heap before GC invocations=47 (full 0):
 garbage-first heap   total 177152K, used 150833K [0x0000000080000000, 0x0000000100000000)
  region size 1024K, 37 young (37888K), 4 survivors (4096K)
 Metaspace       used 94930K, committed 95936K, reserved 557056K
  class space    used 13288K, committed 13760K, reserved 425984K
}
Event: 24.422 GC heap after
{Heap after GC invocations=48 (full 0):
 garbage-first heap   total 177152K, used 118147K [0x0000000080000000, 0x0000000100000000)
  region size 1024K, 3 young (3072K), 3 survivors (3072K)
 Metaspace       used 94930K, committed 95936K, reserved 557056K
  class space    used 13288K, committed 13760K, reserved 425984K
}
Event: 24.959 GC heap before
{Heap before GC invocations=48 (full 0):
 garbage-first heap   total 177152K, used 151939K [0x0000000080000000, 0x0000000100000000)
  region size 1024K, 36 young (36864K), 3 survivors (3072K)
 Metaspace       used 97035K, committed 97984K, reserved 557056K
  class space    used 13555K, committed 14016K, reserved 425984K
}
Event: 24.964 GC heap after
{Heap after GC invocations=49 (full 0):
 garbage-first heap   total 177152K, used 118788K [0x0000000080000000, 0x0000000100000000)
  region size 1024K, 4 young (4096K), 4 survivors (4096K)
 Metaspace       used 97035K, committed 97984K, reserved 557056K
  class space    used 13555K, committed 14016K, reserved 425984K
}
Event: 25.433 GC heap before
{Heap before GC invocations=49 (full 0):
 garbage-first heap   total 177152K, used 152580K [0x0000000080000000, 0x0000000100000000)
  region size 1024K, 37 young (37888K), 4 survivors (4096K)
 Metaspace       used 99060K, committed 100096K, reserved 557056K
  class space    used 13837K, committed 14336K, reserved 425984K
}
Event: 25.437 GC heap after
{Heap after GC invocations=50 (full 0):
 garbage-first heap   total 177152K, used 120376K [0x0000000080000000, 0x0000000100000000)
  region size 1024K, 4 young (4096K), 4 survivors (4096K)
 Metaspace       used 99060K, committed 100096K, reserved 557056K
  class space    used 13837K, committed 14336K, reserved 425984K
}
Event: 25.842 GC heap before
{Heap before GC invocations=50 (full 0):
 garbage-first heap   total 177152K, used 152120K [0x0000000080000000, 0x0000000100000000)
  region size 1024K, 35 young (35840K), 4 survivors (4096K)
 Metaspace       used 99919K, committed 100992K, reserved 557056K
  class space    used 13967K, committed 14464K, reserved 425984K
}
Event: 25.849 GC heap after
{Heap after GC invocations=51 (full 0):
 garbage-first heap   total 177152K, used 123341K [0x0000000080000000, 0x0000000100000000)
  region size 1024K, 5 young (5120K), 5 survivors (5120K)
 Metaspace       used 99919K, committed 100992K, reserved 557056K
  class space    used 13967K, committed 14464K, reserved 425984K
}
Event: 26.282 GC heap before
{Heap before GC invocations=51 (full 0):
 garbage-first heap   total 177152K, used 152013K [0x0000000080000000, 0x0000000100000000)
  region size 1024K, 33 young (33792K), 5 survivors (5120K)
 Metaspace       used 101048K, committed 102080K, reserved 557056K
  class space    used 14110K, committed 14592K, reserved 425984K
}
Event: 26.290 GC heap after
{Heap after GC invocations=52 (full 0):
 garbage-first heap   total 177152K, used 126859K [0x0000000080000000, 0x0000000100000000)
  region size 1024K, 4 young (4096K), 4 survivors (4096K)
 Metaspace       used 101048K, committed 102080K, reserved 557056K
  class space    used 14110K, committed 14592K, reserved 425984K
}
Event: 26.461 GC heap before
{Heap before GC invocations=52 (full 0):
 garbage-first heap   total 177152K, used 149387K [0x0000000080000000, 0x0000000100000000)
  region size 1024K, 27 young (27648K), 4 survivors (4096K)
 Metaspace       used 101319K, committed 102464K, reserved 557056K
  class space    used 14148K, committed 14656K, reserved 425984K
}
Event: 26.465 GC heap after
{Heap after GC invocations=53 (full 0):
 garbage-first heap   total 177152K, used 129259K [0x0000000080000000, 0x0000000100000000)
  region size 1024K, 4 young (4096K), 4 survivors (4096K)
 Metaspace       used 101319K, committed 102464K, reserved 557056K
  class space    used 14148K, committed 14656K, reserved 425984K
}
Event: 26.902 GC heap before
{Heap before GC invocations=54 (full 0):
 garbage-first heap   total 230400K, used 146667K [0x0000000080000000, 0x0000000100000000)
  region size 1024K, 21 young (21504K), 4 survivors (4096K)
 Metaspace       used 101715K, committed 102848K, reserved 557056K
  class space    used 14218K, committed 14720K, reserved 425984K
}
Event: 26.909 GC heap after
{Heap after GC invocations=55 (full 0):
 garbage-first heap   total 230400K, used 132278K [0x0000000080000000, 0x0000000100000000)
  region size 1024K, 3 young (3072K), 3 survivors (3072K)
 Metaspace       used 101715K, committed 102848K, reserved 557056K
  class space    used 14218K, committed 14720K, reserved 425984K
}
Event: 27.074 GC heap before
{Heap before GC invocations=55 (full 0):
 garbage-first heap   total 230400K, used 140470K [0x0000000080000000, 0x0000000100000000)
  region size 1024K, 11 young (11264K), 3 survivors (3072K)
 Metaspace       used 102034K, committed 103168K, reserved 557056K
  class space    used 14339K, committed 14848K, reserved 425984K
}
Event: 27.080 GC heap after
{Heap after GC invocations=56 (full 0):
 garbage-first heap   total 230400K, used 130681K [0x0000000080000000, 0x0000000100000000)
  region size 1024K, 2 young (2048K), 2 survivors (2048K)
 Metaspace       used 102034K, committed 103168K, reserved 557056K
  class space    used 14339K, committed 14848K, reserved 425984K
}
Event: 27.614 GC heap before
{Heap before GC invocations=56 (full 0):
 garbage-first heap   total 230400K, used 189049K [0x0000000080000000, 0x0000000100000000)
  region size 1024K, 60 young (61440K), 2 survivors (2048K)
 Metaspace       used 102233K, committed 103360K, reserved 557056K
  class space    used 14359K, committed 14848K, reserved 425984K
}

