# JRE version: Java(TM) SE Runtime Environment (17.0.12+8) (build 17.0.12+8-LTS-286)
# Java VM: Java HotSpot(TM) 64-Bit Server VM (17.0.12+8-LTS-286, mixed mode, sharing, tiered, compressed oops, compressed class ptrs, g1 gc, windows-amd64)
GC Precious Log:
 CPUs: 8 total, 8 available
 Memory: 16242M
 Large Page Support: Disabled
 NUMA Support: Disabled
 Compressed Oops: Enabled (32-bit)
 Heap Region Size: 1M
 Heap Min Capacity: 8M
 Heap Initial Capacity: 254M
 Heap Max Capacity: 2G
 Pre-touch: Disabled
 Parallel Workers: 8
 Concurrent Workers: 2
 Concurrent Refinement Workers: 8
 Periodic GC: Disabled
Heap:
 garbage-first heap   total 175104K, used 133063K [0x0000000080000000, 0x0000000100000000)
  region size 1024K, 3 young (3072K), 3 survivors (3072K)
 Metaspace       used 102479K, committed 103552K, reserved 557056K
  class space    used 14354K, committed 14848K, reserved 425984K
GC Heap History (20 events):
Event: 27.227 GC heap after
{Heap after GC invocations=42 (full 0):
 garbage-first heap   total 175104K, used 112018K [0x0000000080000000, 0x0000000100000000)
  region size 1024K, 6 young (6144K), 6 survivors (6144K)
 Metaspace       used 89113K, committed 90048K, reserved 557056K
  class space    used 12364K, committed 12864K, reserved 425984K
}
Event: 27.655 GC heap before
{Heap before GC invocations=42 (full 0):
 garbage-first heap   total 175104K, used 147858K [0x0000000080000000, 0x0000000100000000)
  region size 1024K, 41 young (41984K), 6 survivors (6144K)
 Metaspace       used 89740K, committed 90752K, reserved 557056K
  class space    used 12434K, committed 12928K, reserved 425984K
}
Event: 27.663 GC heap after
{Heap after GC invocations=43 (full 0):
 garbage-first heap   total 175104K, used 114712K [0x0000000080000000, 0x0000000100000000)
  region size 1024K, 6 young (6144K), 6 survivors (6144K)
 Metaspace       used 89740K, committed 90752K, reserved 557056K
  class space    used 12434K, committed 12928K, reserved 425984K
}
Event: 28.204 GC heap before
{Heap before GC invocations=43 (full 0):
 garbage-first heap   total 175104K, used 147480K [0x0000000080000000, 0x0000000100000000)
  region size 1024K, 38 young (38912K), 6 survivors (6144K)
 Metaspace       used 91801K, committed 92736K, reserved 557056K
  class space    used 12736K, committed 13184K, reserved 425984K
}
Event: 28.210 GC heap after
{Heap after GC invocations=44 (full 0):
 garbage-first heap   total 175104K, used 115797K [0x0000000080000000, 0x0000000100000000)
  region size 1024K, 4 young (4096K), 4 survivors (4096K)
 Metaspace       used 91801K, committed 92736K, reserved 557056K
  class space    used 12736K, committed 13184K, reserved 425984K
}
Event: 28.691 GC heap before
{Heap before GC invocations=44 (full 0):
 garbage-first heap   total 175104K, used 149589K [0x0000000080000000, 0x0000000100000000)
  region size 1024K, 36 young (36864K), 4 survivors (4096K)
 Metaspace       used 93891K, committed 94848K, reserved 557056K
  class space    used 13087K, committed 13568K, reserved 425984K
}
Event: 28.696 GC heap after
{Heap after GC invocations=45 (full 0):
 garbage-first heap   total 175104K, used 116600K [0x0000000080000000, 0x0000000100000000)
  region size 1024K, 2 young (2048K), 2 survivors (2048K)
 Metaspace       used 93891K, committed 94848K, reserved 557056K
  class space    used 13087K, committed 13568K, reserved 425984K
}
Event: 29.216 GC heap before
{Heap before GC invocations=45 (full 0):
 garbage-first heap   total 175104K, used 150392K [0x0000000080000000, 0x0000000100000000)
  region size 1024K, 35 young (35840K), 2 survivors (2048K)
 Metaspace       used 96273K, committed 97216K, reserved 557056K
  class space    used 13488K, committed 13952K, reserved 425984K
}
Event: 29.220 GC heap after
{Heap after GC invocations=46 (full 0):
 garbage-first heap   total 175104K, used 117673K [0x0000000080000000, 0x0000000100000000)
  region size 1024K, 4 young (4096K), 4 survivors (4096K)
 Metaspace       used 96273K, committed 97216K, reserved 557056K
  class space    used 13488K, committed 13952K, reserved 425984K
}
Event: 29.698 GC heap before
{Heap before GC invocations=46 (full 0):
 garbage-first heap   total 175104K, used 150441K [0x0000000080000000, 0x0000000100000000)
  region size 1024K, 36 young (36864K), 4 survivors (4096K)
 Metaspace       used 98164K, committed 99200K, reserved 557056K
  class space    used 13715K, committed 14208K, reserved 425984K
}
Event: 29.704 GC heap after
{Heap after GC invocations=47 (full 0):
 garbage-first heap   total 175104K, used 118674K [0x0000000080000000, 0x0000000100000000)
  region size 1024K, 3 young (3072K), 3 survivors (3072K)
 Metaspace       used 98164K, committed 99200K, reserved 557056K
  class space    used 13715K, committed 14208K, reserved 425984K
}
Event: 30.262 GC heap before
{Heap before GC invocations=47 (full 0):
 garbage-first heap   total 175104K, used 151442K [0x0000000080000000, 0x0000000100000000)
  region size 1024K, 35 young (35840K), 3 survivors (3072K)
 Metaspace       used 99685K, committed 100672K, reserved 557056K
  class space    used 13936K, committed 14400K, reserved 425984K
}
Event: 30.267 GC heap after
{Heap after GC invocations=48 (full 0):
 garbage-first heap   total 175104K, used 121224K [0x0000000080000000, 0x0000000100000000)
  region size 1024K, 5 young (5120K), 5 survivors (5120K)
 Metaspace       used 99685K, committed 100672K, reserved 557056K
  class space    used 13936K, committed 14400K, reserved 425984K
}
Event: 30.661 GC heap before
{Heap before GC invocations=48 (full 0):
 garbage-first heap   total 175104K, used 150920K [0x0000000080000000, 0x0000000100000000)
  region size 1024K, 34 young (34816K), 5 survivors (5120K)
 Metaspace       used 100641K, committed 101696K, reserved 557056K
  class space    used 14052K, committed 14528K, reserved 425984K
}
Event: 30.668 GC heap after
{Heap after GC invocations=49 (full 0):
 garbage-first heap   total 175104K, used 123688K [0x0000000080000000, 0x0000000100000000)
  region size 1024K, 5 young (5120K), 5 survivors (5120K)
 Metaspace       used 100641K, committed 101696K, reserved 557056K
  class space    used 14052K, committed 14528K, reserved 425984K
}
Event: 31.010 GC heap before
{Heap before GC invocations=49 (full 0):
 garbage-first heap   total 175104K, used 149288K [0x0000000080000000, 0x0000000100000000)
  region size 1024K, 31 young (31744K), 5 survivors (5120K)
 Metaspace       used 101048K, committed 102208K, reserved 557056K
  class space    used 14108K, committed 14656K, reserved 425984K
}
Event: 31.018 GC heap after
{Heap after GC invocations=50 (full 0):
 garbage-first heap   total 175104K, used 127175K [0x0000000080000000, 0x0000000100000000)
  region size 1024K, 4 young (4096K), 4 survivors (4096K)
 Metaspace       used 101048K, committed 102208K, reserved 557056K
  class space    used 14108K, committed 14656K, reserved 425984K
}
Event: 31.300 GC heap before
{Heap before GC invocations=50 (full 0):
 garbage-first heap   total 175104K, used 148679K [0x0000000080000000, 0x0000000100000000)
  region size 1024K, 26 young (26624K), 4 survivors (4096K)
 Metaspace       used 101589K, committed 102720K, reserved 557056K
  class space    used 14180K, committed 14720K, reserved 425984K
}
Event: 31.305 GC heap after
{Heap after GC invocations=51 (full 0):
 garbage-first heap   total 175104K, used 130256K [0x0000000080000000, 0x0000000100000000)
  region size 1024K, 4 young (4096K), 4 survivors (4096K)
 Metaspace       used 101589K, committed 102720K, reserved 557056K
  class space    used 14180K, committed 14720K, reserved 425984K
}
Event: 31.803 GC heap before
{Heap before GC invocations=51 (full 0):
 garbage-first heap   total 175104K, used 149712K [0x0000000080000000, 0x0000000100000000)
  region size 1024K, 23 young (23552K), 4 survivors (4096K)
 Metaspace       used 102479K, committed 103552K, reserved 557056K
  class space    used 14354K, committed 14848K, reserved 425984K
}

